2025-08-25 15:41:55,368 - INFO - Starting federated learning with model: lenet5, algorithm: moon, clients: 50, rounds: 50
2025-08-25 15:41:55,601 - INFO - Initial data proportions assigned to clients: [0.014433333333333333, 0.048216666666666665, 0.039683333333333334, 0.03675, 0.020883333333333334, 0.0010666666666666667, 0.0062833333333333335, 0.0148, 0.0033666666666666667, 0.026466666666666666, 0.014266666666666667, 0.023783333333333333, 0.0201, 0.012966666666666666, 0.024633333333333333, 0.0012833333333333334, 0.012816666666666667, 0.016366666666666668, 0.00765, 0.007966666666666667, 0.029916666666666668, 0.0006, 0.05553333333333333, 0.0422, 0.0104, 0.008116666666666666, 0.013116666666666667, 0.02125, 0.018933333333333333, 0.01625, 0.00065, 0.006483333333333333, 0.013016666666666666, 0.017383333333333334, 0.029416666666666667, 0.009066666666666667, 0.0082, 0.0058, 0.0499, 0.02033333333333333, 0.05361666666666667, 0.06661666666666667, 0.004383333333333334, 0.019216666666666667, 0.024483333333333333, 0.024083333333333335, 0.021583333333333333, 0.025583333333333333, 0.0005333333333333334, 0.02955]
2025-08-25 15:41:55,788 - INFO - Starting Round 1/50 with algorithm moon and model lenet5
2025-08-25 15:41:55,788 - INFO - Selected clients for Round 1: [40, 7, 1, 47, 17]
2025-08-25 15:42:02,198 - INFO - Client 40 Train Loss: 0.9641
2025-08-25 15:42:03,909 - INFO - Client 7 Train Loss: 1.4668
2025-08-25 15:42:10,282 - INFO - Client 1 Train Loss: 0.7492
2025-08-25 15:42:13,318 - INFO - Client 47 Train Loss: 0.9603
2025-08-25 15:42:15,430 - INFO - Client 17 Train Loss: 1.2859
2025-08-25 15:42:15,431 - INFO - Global Average Train Loss: 1.0853
2025-08-25 15:42:15,455 - INFO - Aggregated using MOON (FedAvg aggregation)
2025-08-25 15:42:18,105 - INFO - Global Model Validation Loss: 3.0061, Top1_Accuracy: 10.10%, Top5_Accuracy: 66.95%
2025-08-25 15:42:18,105 - INFO - Precision: 0.9092, Recall: 0.1010, F1-Score: 0.0185
2025-08-25 15:42:18,106 - INFO - Confusion Matrix:
[[   0    0    0  980    0    0    0    0    0    0]
 [   0    0    0 1135    0    0    0    0    0    0]
 [   0    0    0 1032    0    0    0    0    0    0]
 [   0    0    0 1010    0    0    0    0    0    0]
 [   0    0    0  982    0    0    0    0    0    0]
 [   0    0    0  892    0    0    0    0    0    0]
 [   0    0    0  958    0    0    0    0    0    0]
 [   0    0    0 1028    0    0    0    0    0    0]
 [   0    0    0  974    0    0    0    0    0    0]
 [   0    0    0 1009    0    0    0    0    0    0]]
2025-08-25 15:42:18,106 - INFO - Starting Round 2/50 with algorithm moon and model lenet5
2025-08-25 15:42:18,106 - INFO - Selected clients for Round 2: [15, 14, 8, 47, 6]
2025-08-25 15:42:18,273 - INFO - Client 15 Train Loss: 3.6293
2025-08-25 15:42:21,105 - INFO - Client 14 Train Loss: 1.1053
2025-08-25 15:42:21,488 - INFO - Client 8 Train Loss: 2.4320
